<?xml version="1.0" encoding="UTF-8"?>
<!-- Generated by org.testng.reporters.JUnitXMLReporter -->
<testsuite ignored="6" hostname="SPNXIN-4CDJ924" failures="0" tests="2" name="groupingTests" time="0.063" errors="0" timestamp="2024-09-12T14:58:22 IST">
  <testcase classname="day44.PaymentTests" name="paymentInRupees" time="0.013"/>
  <testcase classname="day44.PaymentTests" name="paymentInUSD" time="0.004"/>
  <testcase classname="day44.LoginTests" name="loginByTW" time="0.0">
    <ignored/>
  </testcase> <!-- loginByTW -->
  <testcase classname="day44.SignUpTests" name="signupByFB" time="0.0">
    <ignored/>
  </testcase> <!-- signupByFB -->
  <testcase classname="day44.LoginTests" name="loginByEmail" time="0.0">
    <ignored/>
  </testcase> <!-- loginByEmail -->
  <testcase classname="day44.SignUpTests" name="signupByTW" time="0.0">
    <ignored/>
  </testcase> <!-- signupByTW -->
  <testcase classname="day44.SignUpTests" name="signupByEmail" time="0.0">
    <ignored/>
  </testcase> <!-- signupByEmail -->
  <testcase classname="day44.LoginTests" name="loginByFB" time="0.0">
    <ignored/>
  </testcase> <!-- loginByFB -->
</testsuite> <!-- groupingTests -->
