<?xml version="1.0" encoding="UTF-8"?>
<testng-results ignored="0" total="1" passed="1" failed="0" skipped="0">
  <reporter-output>
  </reporter-output>
  <suite started-at="2024-09-25T19:11:36 IST" name="Suite" finished-at="2024-09-25T19:11:53 IST" duration-ms="16899">
    <groups>
    </groups>
    <test started-at="2024-09-25T19:11:36 IST" name="Test" finished-at="2024-09-25T19:11:53 IST" duration-ms="16899">
      <class name="day47.LoginTest">
        <test-method is-config="true" signature="setup()[pri:0, instance:day47.LoginTest@65c7a252]" started-at="2024-09-25T19:11:36 IST" name="setup" finished-at="2024-09-25T19:11:49 IST" duration-ms="13230" status="PASS">
          <reporter-output>
          </reporter-output>
        </test-method> <!-- setup -->
        <test-method signature="testLogin()[pri:0, instance:day47.LoginTest@65c7a252]" started-at="2024-09-25T19:11:49 IST" name="testLogin" finished-at="2024-09-25T19:11:52 IST" duration-ms="2818" status="PASS">
          <reporter-output>
          </reporter-output>
        </test-method> <!-- testLogin -->
        <test-method is-config="true" signature="tearDown()[pri:0, instance:day47.LoginTest@65c7a252]" started-at="2024-09-25T19:11:52 IST" name="tearDown" finished-at="2024-09-25T19:11:53 IST" duration-ms="754" status="PASS">
          <reporter-output>
          </reporter-output>
        </test-method> <!-- tearDown -->
      </class> <!-- day47.LoginTest -->
    </test> <!-- Test -->
  </suite> <!-- Suite -->
</testng-results>
